<?xml version="1.0" encoding="UTF-8"?>
<coverage generated="1613609013427" clover="3.2.0">
  <project timestamp="1613609013427" name="All files">
    <metrics statements="64" coveredstatements="54" conditionals="24" coveredconditionals="14" methods="16" coveredmethods="13" elements="104" coveredelements="81" complexity="0" loc="64" ncloc="64" packages="3" files="4" classes="4"/>
    <package name="nodejs-rest-unit-test">
      <metrics statements="13" coveredstatements="13" conditionals="2" coveredconditionals="2" methods="2" coveredmethods="2"/>
      <file name="index.js" path="C:\mygit\anikm1987\RestApiDesign\samples\nodejs-rest-unit-test\index.js">
        <metrics statements="11" coveredstatements="11" conditionals="2" coveredconditionals="2" methods="1" coveredmethods="1"/>
        <line num="1" count="1" type="stmt"/>
        <line num="2" count="1" type="stmt"/>
        <line num="3" count="1" type="stmt"/>
        <line num="5" count="1" type="cond" truecount="2" falsecount="0"/>
        <line num="6" count="1" type="stmt"/>
        <line num="7" count="1" type="stmt"/>
        <line num="8" count="1" type="stmt"/>
        <line num="9" count="1" type="stmt"/>
        <line num="11" count="1" type="stmt"/>
        <line num="12" count="1" type="stmt"/>
        <line num="14" count="1" type="stmt"/>
      </file>
      <file name="sum.js" path="C:\mygit\anikm1987\RestApiDesign\samples\nodejs-rest-unit-test\sum.js">
        <metrics statements="2" coveredstatements="2" conditionals="0" coveredconditionals="0" methods="1" coveredmethods="1"/>
        <line num="2" count="1" type="stmt"/>
        <line num="4" count="1" type="stmt"/>
      </file>
    </package>
    <package name="nodejs-rest-unit-test.src.models">
      <metrics statements="2" coveredstatements="2" conditionals="0" coveredconditionals="0" methods="1" coveredmethods="1"/>
      <file name="data.js" path="C:\mygit\anikm1987\RestApiDesign\samples\nodejs-rest-unit-test\src\models\data.js">
        <metrics statements="2" coveredstatements="2" conditionals="0" coveredconditionals="0" methods="1" coveredmethods="1"/>
        <line num="1" count="2" type="stmt"/>
        <line num="3" count="3" type="stmt"/>
      </file>
    </package>
    <package name="nodejs-rest-unit-test.src.routes">
      <metrics statements="49" coveredstatements="39" conditionals="22" coveredconditionals="12" methods="13" coveredmethods="10"/>
      <file name="routes.js" path="C:\mygit\anikm1987\RestApiDesign\samples\nodejs-rest-unit-test\src\routes\routes.js">
        <metrics statements="49" coveredstatements="39" conditionals="22" coveredconditionals="12" methods="13" coveredmethods="10"/>
        <line num="1" count="1" type="stmt"/>
        <line num="2" count="1" type="stmt"/>
        <line num="3" count="1" type="stmt"/>
        <line num="4" count="1" type="stmt"/>
        <line num="7" count="1" type="stmt"/>
        <line num="9" count="1" type="stmt"/>
        <line num="10" count="1" type="stmt"/>
        <line num="15" count="1" type="stmt"/>
        <line num="16" count="3" type="cond" truecount="4" falsecount="0"/>
        <line num="17" count="3" type="stmt"/>
        <line num="18" count="3" type="cond" truecount="1" falsecount="1"/>
        <line num="19" count="0" type="stmt"/>
        <line num="21" count="3" type="cond" truecount="1" falsecount="1"/>
        <line num="22" count="0" type="stmt"/>
        <line num="24" count="3" type="cond" truecount="1" falsecount="1"/>
        <line num="25" count="3" type="stmt"/>
        <line num="26" count="3" type="stmt"/>
        <line num="28" count="3" type="cond" truecount="1" falsecount="1"/>
        <line num="29" count="3" type="cond" truecount="1" falsecount="1"/>
        <line num="30" count="0" type="stmt"/>
        <line num="33" count="3" type="stmt"/>
        <line num="37" count="3" type="stmt"/>
        <line num="40" count="1" type="stmt"/>
        <line num="43" count="1" type="stmt"/>
        <line num="46" count="1" type="stmt"/>
        <line num="47" count="1" type="stmt"/>
        <line num="48" count="1" type="stmt"/>
        <line num="49" count="6" type="stmt"/>
        <line num="50" count="1" type="cond" truecount="1" falsecount="1"/>
        <line num="51" count="1" type="stmt"/>
        <line num="54" count="1" type="stmt"/>
        <line num="57" count="1" type="stmt"/>
        <line num="58" count="1" type="stmt"/>
        <line num="59" count="1" type="stmt"/>
        <line num="60" count="1" type="stmt"/>
        <line num="64" count="1" type="cond" truecount="1" falsecount="1"/>
        <line num="65" count="0" type="stmt"/>
        <line num="67" count="6" type="stmt"/>
        <line num="70" count="1" type="stmt"/>
        <line num="71" count="0" type="stmt"/>
        <line num="72" count="0" type="stmt"/>
        <line num="73" count="0" type="stmt"/>
        <line num="79" count="3" type="stmt"/>
        <line num="80" count="11" type="cond" truecount="1" falsecount="1"/>
        <line num="81" count="11" type="stmt"/>
        <line num="82" count="0" type="cond" truecount="0" falsecount="2"/>
        <line num="83" count="0" type="stmt"/>
        <line num="85" count="0" type="stmt"/>
        <line num="89" count="1" type="stmt"/>
      </file>
    </package>
  </project>
</coverage>
