{"C:\\mygit\\anikm1987\\RestApiDesign\\samples\\nodejs-rest-unit-test\\index.js": {"path":"C:\\mygit\\anikm1987\\RestApiDesign\\samples\\nodejs-rest-unit-test\\index.js","statementMap":{"0":{"start":{"line":1,"column":14},"end":{"line":1,"column":32}},"1":{"start":{"line":2,"column":17},"end":{"line":2,"column":39}},"2":{"start":{"line":3,"column":17},"end":{"line":3,"column":47}},"3":{"start":{"line":5,"column":13},"end":{"line":5,"column":37}},"4":{"start":{"line":6,"column":10},"end":{"line":6,"column":19}},"5":{"start":{"line":7,"column":0},"end":{"line":7,"column":27}},"6":{"start":{"line":8,"column":0},"end":{"line":8,"column":52}},"7":{"start":{"line":9,"column":0},"end":{"line":9,"column":19}},"8":{"start":{"line":11,"column":0},"end":{"line":13,"column":5}},"9":{"start":{"line":12,"column":4},"end":{"line":12,"column":54}},"10":{"start":{"line":14,"column":0},"end":{"line":14,"column":20}}},"fnMap":{"0":{"name":"(anonymous_0)","decl":{"start":{"line":11,"column":17},"end":{"line":11,"column":18}},"loc":{"start":{"line":11,"column":23},"end":{"line":13,"column":3}},"line":11}},"branchMap":{"0":{"loc":{"start":{"line":5,"column":13},"end":{"line":5,"column":37}},"type":"binary-expr","locations":[{"start":{"line":5,"column":13},"end":{"line":5,"column":29}},{"start":{"line":5,"column":33},"end":{"line":5,"column":37}}],"line":5}},"s":{"0":1,"1":1,"2":1,"3":1,"4":1,"5":1,"6":1,"7":1,"8":1,"9":1,"10":1},"f":{"0":1},"b":{"0":[1,1]},"_coverageSchema":"1a1c01bbd47fc00a2c39e90264f33305004495a9","hash":"d083746862bc9adad59636bb7245171176bad333"}
,"C:\\mygit\\anikm1987\\RestApiDesign\\samples\\nodejs-rest-unit-test\\sum.js": {"path":"C:\\mygit\\anikm1987\\RestApiDesign\\samples\\nodejs-rest-unit-test\\sum.js","statementMap":{"0":{"start":{"line":2,"column":4},"end":{"line":2,"column":17}},"1":{"start":{"line":4,"column":2},"end":{"line":4,"column":23}}},"fnMap":{"0":{"name":"sum","decl":{"start":{"line":1,"column":9},"end":{"line":1,"column":12}},"loc":{"start":{"line":1,"column":19},"end":{"line":3,"column":3}},"line":1}},"branchMap":{},"s":{"0":1,"1":1},"f":{"0":1},"b":{},"_coverageSchema":"1a1c01bbd47fc00a2c39e90264f33305004495a9","hash":"87196f356a70b7a17290fc92d7a557d8ecdff745"}
,"C:\\mygit\\anikm1987\\RestApiDesign\\samples\\nodejs-rest-unit-test\\src\\models\\data.js": {"path":"C:\\mygit\\anikm1987\\RestApiDesign\\samples\\nodejs-rest-unit-test\\src\\models\\data.js","statementMap":{"0":{"start":{"line":1,"column":0},"end":{"line":12,"column":1}},"1":{"start":{"line":3,"column":8},"end":{"line":10,"column":10}}},"fnMap":{"0":{"name":"(anonymous_0)","decl":{"start":{"line":2,"column":14},"end":{"line":2,"column":15}},"loc":{"start":{"line":2,"column":20},"end":{"line":11,"column":5}},"line":2}},"branchMap":{},"s":{"0":2,"1":3},"f":{"0":3},"b":{},"_coverageSchema":"1a1c01bbd47fc00a2c39e90264f33305004495a9","hash":"a5538eb0e66f3e220e5a5587f06dc5edb78e80c2"}
,"C:\\mygit\\anikm1987\\RestApiDesign\\samples\\nodejs-rest-unit-test\\src\\routes\\routes.js": {"path":"C:\\mygit\\anikm1987\\RestApiDesign\\samples\\nodejs-rest-unit-test\\src\\routes\\routes.js","statementMap":{"0":{"start":{"line":1,"column":16},"end":{"line":1,"column":34}},"1":{"start":{"line":2,"column":15},"end":{"line":2,"column":31}},"2":{"start":{"line":3,"column":21},"end":{"line":3,"column":49}},"3":{"start":{"line":4,"column":11},"end":{"line":4,"column":36}},"4":{"start":{"line":7,"column":12},"end":{"line":7,"column":27}},"5":{"start":{"line":9,"column":0},"end":{"line":11,"column":3}},"6":{"start":{"line":10,"column":4},"end":{"line":10,"column":33}},"7":{"start":{"line":15,"column":0},"end":{"line":38,"column":3}},"8":{"start":{"line":16,"column":75},"end":{"line":16,"column":84}},"9":{"start":{"line":17,"column":16},"end":{"line":17,"column":26}},"10":{"start":{"line":18,"column":4},"end":{"line":20,"column":5}},"11":{"start":{"line":19,"column":8},"end":{"line":19,"column":53}},"12":{"start":{"line":19,"column":34},"end":{"line":19,"column":51}},"13":{"start":{"line":21,"column":4},"end":{"line":23,"column":5}},"14":{"start":{"line":22,"column":8},"end":{"line":22,"column":55}},"15":{"start":{"line":22,"column":34},"end":{"line":22,"column":53}},"16":{"start":{"line":24,"column":4},"end":{"line":27,"column":5}},"17":{"start":{"line":25,"column":19},"end":{"line":25,"column":36}},"18":{"start":{"line":26,"column":8},"end":{"line":26,"column":48}},"19":{"start":{"line":28,"column":4},"end":{"line":35,"column":5}},"20":{"start":{"line":29,"column":8},"end":{"line":34,"column":9}},"21":{"start":{"line":30,"column":12},"end":{"line":30,"column":66}},"22":{"start":{"line":33,"column":12},"end":{"line":33,"column":56}},"23":{"start":{"line":37,"column":4},"end":{"line":37,"column":22}},"24":{"start":{"line":40,"column":0},"end":{"line":44,"column":3}},"25":{"start":{"line":43,"column":4},"end":{"line":43,"column":23}},"26":{"start":{"line":46,"column":0},"end":{"line":55,"column":3}},"27":{"start":{"line":47,"column":15},"end":{"line":47,"column":25}},"28":{"start":{"line":48,"column":4},"end":{"line":48,"column":19}},"29":{"start":{"line":49,"column":22},"end":{"line":49,"column":58}},"30":{"start":{"line":49,"column":36},"end":{"line":49,"column":57}},"31":{"start":{"line":50,"column":4},"end":{"line":52,"column":5}},"32":{"start":{"line":51,"column":8},"end":{"line":51,"column":27}},"33":{"start":{"line":54,"column":4},"end":{"line":54,"column":22}},"34":{"start":{"line":57,"column":0},"end":{"line":68,"column":3}},"35":{"start":{"line":58,"column":15},"end":{"line":58,"column":25}},"36":{"start":{"line":59,"column":4},"end":{"line":59,"column":19}},"37":{"start":{"line":60,"column":22},"end":{"line":60,"column":58}},"38":{"start":{"line":60,"column":36},"end":{"line":60,"column":57}},"39":{"start":{"line":64,"column":4},"end":{"line":66,"column":5}},"40":{"start":{"line":65,"column":8},"end":{"line":65,"column":121}},"41":{"start":{"line":67,"column":4},"end":{"line":67,"column":53}},"42":{"start":{"line":67,"column":29},"end":{"line":67,"column":50}},"43":{"start":{"line":70,"column":0},"end":{"line":74,"column":3}},"44":{"start":{"line":71,"column":15},"end":{"line":71,"column":25}},"45":{"start":{"line":72,"column":19},"end":{"line":72,"column":100}},"46":{"start":{"line":73,"column":4},"end":{"line":73,"column":22}},"47":{"start":{"line":79,"column":4},"end":{"line":86,"column":5}},"48":{"start":{"line":80,"column":8},"end":{"line":84,"column":9}},"49":{"start":{"line":81,"column":12},"end":{"line":81,"column":21}},"50":{"start":{"line":82,"column":15},"end":{"line":84,"column":9}},"51":{"start":{"line":83,"column":12},"end":{"line":83,"column":22}},"52":{"start":{"line":85,"column":8},"end":{"line":85,"column":17}},"53":{"start":{"line":89,"column":0},"end":{"line":89,"column":22}}},"fnMap":{"0":{"name":"(anonymous_0)","decl":{"start":{"line":9,"column":19},"end":{"line":9,"column":20}},"loc":{"start":{"line":9,"column":30},"end":{"line":11,"column":1}},"line":9},"1":{"name":"(anonymous_1)","decl":{"start":{"line":15,"column":20},"end":{"line":15,"column":21}},"loc":{"start":{"line":15,"column":31},"end":{"line":38,"column":1}},"line":15},"2":{"name":"(anonymous_2)","decl":{"start":{"line":19,"column":31},"end":{"line":19,"column":32}},"loc":{"start":{"line":19,"column":34},"end":{"line":19,"column":51}},"line":19},"3":{"name":"(anonymous_3)","decl":{"start":{"line":22,"column":31},"end":{"line":22,"column":32}},"loc":{"start":{"line":22,"column":34},"end":{"line":22,"column":53}},"line":22},"4":{"name":"(anonymous_4)","decl":{"start":{"line":40,"column":21},"end":{"line":40,"column":22}},"loc":{"start":{"line":40,"column":32},"end":{"line":44,"column":1}},"line":40},"5":{"name":"(anonymous_5)","decl":{"start":{"line":46,"column":24},"end":{"line":46,"column":25}},"loc":{"start":{"line":46,"column":35},"end":{"line":55,"column":1}},"line":46},"6":{"name":"(anonymous_6)","decl":{"start":{"line":49,"column":33},"end":{"line":49,"column":34}},"loc":{"start":{"line":49,"column":36},"end":{"line":49,"column":57}},"line":49},"7":{"name":"(anonymous_7)","decl":{"start":{"line":57,"column":27},"end":{"line":57,"column":28}},"loc":{"start":{"line":57,"column":38},"end":{"line":68,"column":1}},"line":57},"8":{"name":"(anonymous_8)","decl":{"start":{"line":60,"column":33},"end":{"line":60,"column":34}},"loc":{"start":{"line":60,"column":36},"end":{"line":60,"column":57}},"line":60},"9":{"name":"(anonymous_9)","decl":{"start":{"line":67,"column":26},"end":{"line":67,"column":27}},"loc":{"start":{"line":67,"column":29},"end":{"line":67,"column":50}},"line":67},"10":{"name":"(anonymous_10)","decl":{"start":{"line":70,"column":33},"end":{"line":70,"column":34}},"loc":{"start":{"line":70,"column":44},"end":{"line":74,"column":1}},"line":70},"11":{"name":"getSortedValue","decl":{"start":{"line":78,"column":9},"end":{"line":78,"column":23}},"loc":{"start":{"line":78,"column":35},"end":{"line":87,"column":1}},"line":78},"12":{"name":"(anonymous_12)","decl":{"start":{"line":79,"column":11},"end":{"line":79,"column":12}},"loc":{"start":{"line":79,"column":26},"end":{"line":86,"column":5}},"line":79}},"branchMap":{"0":{"loc":{"start":{"line":16,"column":28},"end":{"line":16,"column":36}},"type":"default-arg","locations":[{"start":{"line":16,"column":34},"end":{"line":16,"column":36}}],"line":16},"1":{"loc":{"start":{"line":16,"column":38},"end":{"line":16,"column":44}},"type":"default-arg","locations":[{"start":{"line":16,"column":43},"end":{"line":16,"column":44}}],"line":16},"2":{"loc":{"start":{"line":16,"column":46},"end":{"line":16,"column":57}},"type":"default-arg","locations":[{"start":{"line":16,"column":53},"end":{"line":16,"column":57}}],"line":16},"3":{"loc":{"start":{"line":16,"column":59},"end":{"line":16,"column":72}},"type":"default-arg","locations":[{"start":{"line":16,"column":67},"end":{"line":16,"column":72}}],"line":16},"4":{"loc":{"start":{"line":18,"column":4},"end":{"line":20,"column":5}},"type":"if","locations":[{"start":{"line":18,"column":4},"end":{"line":20,"column":5}},{"start":{"line":18,"column":4},"end":{"line":20,"column":5}}],"line":18},"5":{"loc":{"start":{"line":21,"column":4},"end":{"line":23,"column":5}},"type":"if","locations":[{"start":{"line":21,"column":4},"end":{"line":23,"column":5}},{"start":{"line":21,"column":4},"end":{"line":23,"column":5}}],"line":21},"6":{"loc":{"start":{"line":24,"column":4},"end":{"line":27,"column":5}},"type":"if","locations":[{"start":{"line":24,"column":4},"end":{"line":27,"column":5}},{"start":{"line":24,"column":4},"end":{"line":27,"column":5}}],"line":24},"7":{"loc":{"start":{"line":28,"column":4},"end":{"line":35,"column":5}},"type":"if","locations":[{"start":{"line":28,"column":4},"end":{"line":35,"column":5}},{"start":{"line":28,"column":4},"end":{"line":35,"column":5}}],"line":28},"8":{"loc":{"start":{"line":29,"column":8},"end":{"line":34,"column":9}},"type":"if","locations":[{"start":{"line":29,"column":8},"end":{"line":34,"column":9}},{"start":{"line":29,"column":8},"end":{"line":34,"column":9}}],"line":29},"9":{"loc":{"start":{"line":50,"column":4},"end":{"line":52,"column":5}},"type":"if","locations":[{"start":{"line":50,"column":4},"end":{"line":52,"column":5}},{"start":{"line":50,"column":4},"end":{"line":52,"column":5}}],"line":50},"10":{"loc":{"start":{"line":64,"column":4},"end":{"line":66,"column":5}},"type":"if","locations":[{"start":{"line":64,"column":4},"end":{"line":66,"column":5}},{"start":{"line":64,"column":4},"end":{"line":66,"column":5}}],"line":64},"11":{"loc":{"start":{"line":80,"column":8},"end":{"line":84,"column":9}},"type":"if","locations":[{"start":{"line":80,"column":8},"end":{"line":84,"column":9}},{"start":{"line":80,"column":8},"end":{"line":84,"column":9}}],"line":80},"12":{"loc":{"start":{"line":82,"column":15},"end":{"line":84,"column":9}},"type":"if","locations":[{"start":{"line":82,"column":15},"end":{"line":84,"column":9}},{"start":{"line":82,"column":15},"end":{"line":84,"column":9}}],"line":82}},"s":{"0":1,"1":1,"2":1,"3":1,"4":1,"5":1,"6":1,"7":1,"8":3,"9":3,"10":3,"11":0,"12":0,"13":3,"14":0,"15":0,"16":3,"17":3,"18":3,"19":3,"20":3,"21":0,"22":3,"23":3,"24":1,"25":1,"26":1,"27":1,"28":1,"29":1,"30":6,"31":1,"32":1,"33":1,"34":1,"35":1,"36":1,"37":1,"38":1,"39":1,"40":0,"41":1,"42":6,"43":1,"44":0,"45":0,"46":0,"47":3,"48":11,"49":11,"50":0,"51":0,"52":0,"53":1},"f":{"0":1,"1":3,"2":0,"3":0,"4":1,"5":1,"6":6,"7":1,"8":1,"9":6,"10":0,"11":3,"12":11},"b":{"0":[1],"1":[1],"2":[3],"3":[3],"4":[0,3],"5":[0,3],"6":[3,0],"7":[3,0],"8":[0,3],"9":[1,0],"10":[0,1],"11":[11,0],"12":[0,0]},"_coverageSchema":"1a1c01bbd47fc00a2c39e90264f33305004495a9","hash":"f642dbe4b776ff9bc989dd0f975f5d3d93cb4aec"}
}
