{"C:\\mygit\\anikm1987\\RestApiDesign\\samples\\nodejs-rest-unit-test\\index.js": {"path":"C:\\mygit\\anikm1987\\RestApiDesign\\samples\\nodejs-rest-unit-test\\index.js","statementMap":{"0":{"start":{"line":1,"column":14},"end":{"line":1,"column":32}},"1":{"start":{"line":2,"column":17},"end":{"line":2,"column":39}},"2":{"start":{"line":3,"column":21},"end":{"line":3,"column":49}},"3":{"start":{"line":4,"column":15},"end":{"line":4,"column":34}},"4":{"start":{"line":6,"column":10},"end":{"line":6,"column":19}},"5":{"start":{"line":7,"column":0},"end":{"line":7,"column":27}},"6":{"start":{"line":9,"column":14},"end":{"line":16,"column":3}},"7":{"start":{"line":19,"column":0},"end":{"line":21,"column":3}},"8":{"start":{"line":20,"column":4},"end":{"line":20,"column":33}},"9":{"start":{"line":25,"column":0},"end":{"line":48,"column":3}},"10":{"start":{"line":26,"column":75},"end":{"line":26,"column":84}},"11":{"start":{"line":27,"column":16},"end":{"line":27,"column":26}},"12":{"start":{"line":28,"column":4},"end":{"line":30,"column":5}},"13":{"start":{"line":29,"column":8},"end":{"line":29,"column":53}},"14":{"start":{"line":29,"column":34},"end":{"line":29,"column":51}},"15":{"start":{"line":31,"column":4},"end":{"line":33,"column":5}},"16":{"start":{"line":32,"column":8},"end":{"line":32,"column":55}},"17":{"start":{"line":32,"column":34},"end":{"line":32,"column":53}},"18":{"start":{"line":34,"column":4},"end":{"line":37,"column":5}},"19":{"start":{"line":35,"column":19},"end":{"line":35,"column":36}},"20":{"start":{"line":36,"column":8},"end":{"line":36,"column":48}},"21":{"start":{"line":38,"column":4},"end":{"line":45,"column":5}},"22":{"start":{"line":39,"column":8},"end":{"line":44,"column":9}},"23":{"start":{"line":40,"column":12},"end":{"line":40,"column":66}},"24":{"start":{"line":43,"column":12},"end":{"line":43,"column":56}},"25":{"start":{"line":47,"column":4},"end":{"line":47,"column":22}},"26":{"start":{"line":50,"column":0},"end":{"line":54,"column":3}},"27":{"start":{"line":53,"column":4},"end":{"line":53,"column":23}},"28":{"start":{"line":56,"column":0},"end":{"line":66,"column":3}},"29":{"start":{"line":57,"column":15},"end":{"line":57,"column":25}},"30":{"start":{"line":58,"column":4},"end":{"line":58,"column":19}},"31":{"start":{"line":59,"column":22},"end":{"line":59,"column":58}},"32":{"start":{"line":59,"column":36},"end":{"line":59,"column":57}},"33":{"start":{"line":60,"column":4},"end":{"line":63,"column":5}},"34":{"start":{"line":61,"column":8},"end":{"line":62,"column":7}},"35":{"start":{"line":65,"column":4},"end":{"line":65,"column":22}},"36":{"start":{"line":68,"column":0},"end":{"line":73,"column":3}},"37":{"start":{"line":69,"column":15},"end":{"line":69,"column":25}},"38":{"start":{"line":70,"column":4},"end":{"line":70,"column":19}},"39":{"start":{"line":72,"column":4},"end":{"line":72,"column":22}},"40":{"start":{"line":75,"column":0},"end":{"line":79,"column":3}},"41":{"start":{"line":76,"column":15},"end":{"line":76,"column":25}},"42":{"start":{"line":77,"column":19},"end":{"line":77,"column":100}},"43":{"start":{"line":78,"column":4},"end":{"line":78,"column":22}},"44":{"start":{"line":84,"column":4},"end":{"line":91,"column":5}},"45":{"start":{"line":85,"column":8},"end":{"line":89,"column":9}},"46":{"start":{"line":86,"column":12},"end":{"line":86,"column":21}},"47":{"start":{"line":87,"column":15},"end":{"line":89,"column":9}},"48":{"start":{"line":88,"column":12},"end":{"line":88,"column":22}},"49":{"start":{"line":90,"column":8},"end":{"line":90,"column":17}},"50":{"start":{"line":97,"column":0},"end":{"line":97,"column":16}},"51":{"start":{"line":98,"column":0},"end":{"line":98,"column":20}}},"fnMap":{"0":{"name":"(anonymous_0)","decl":{"start":{"line":19,"column":16},"end":{"line":19,"column":17}},"loc":{"start":{"line":19,"column":27},"end":{"line":21,"column":1}},"line":19},"1":{"name":"(anonymous_1)","decl":{"start":{"line":25,"column":17},"end":{"line":25,"column":18}},"loc":{"start":{"line":25,"column":28},"end":{"line":48,"column":1}},"line":25},"2":{"name":"(anonymous_2)","decl":{"start":{"line":29,"column":31},"end":{"line":29,"column":32}},"loc":{"start":{"line":29,"column":34},"end":{"line":29,"column":51}},"line":29},"3":{"name":"(anonymous_3)","decl":{"start":{"line":32,"column":31},"end":{"line":32,"column":32}},"loc":{"start":{"line":32,"column":34},"end":{"line":32,"column":53}},"line":32},"4":{"name":"(anonymous_4)","decl":{"start":{"line":50,"column":18},"end":{"line":50,"column":19}},"loc":{"start":{"line":50,"column":29},"end":{"line":54,"column":1}},"line":50},"5":{"name":"(anonymous_5)","decl":{"start":{"line":56,"column":21},"end":{"line":56,"column":22}},"loc":{"start":{"line":56,"column":32},"end":{"line":66,"column":1}},"line":56},"6":{"name":"(anonymous_6)","decl":{"start":{"line":59,"column":33},"end":{"line":59,"column":34}},"loc":{"start":{"line":59,"column":36},"end":{"line":59,"column":57}},"line":59},"7":{"name":"(anonymous_7)","decl":{"start":{"line":68,"column":24},"end":{"line":68,"column":25}},"loc":{"start":{"line":68,"column":35},"end":{"line":73,"column":1}},"line":68},"8":{"name":"(anonymous_8)","decl":{"start":{"line":75,"column":30},"end":{"line":75,"column":31}},"loc":{"start":{"line":75,"column":41},"end":{"line":79,"column":1}},"line":75},"9":{"name":"getSortedValue","decl":{"start":{"line":83,"column":9},"end":{"line":83,"column":23}},"loc":{"start":{"line":83,"column":35},"end":{"line":92,"column":1}},"line":83},"10":{"name":"(anonymous_10)","decl":{"start":{"line":84,"column":11},"end":{"line":84,"column":12}},"loc":{"start":{"line":84,"column":26},"end":{"line":91,"column":5}},"line":84}},"branchMap":{"0":{"loc":{"start":{"line":26,"column":28},"end":{"line":26,"column":36}},"type":"default-arg","locations":[{"start":{"line":26,"column":34},"end":{"line":26,"column":36}}],"line":26},"1":{"loc":{"start":{"line":26,"column":38},"end":{"line":26,"column":44}},"type":"default-arg","locations":[{"start":{"line":26,"column":43},"end":{"line":26,"column":44}}],"line":26},"2":{"loc":{"start":{"line":26,"column":46},"end":{"line":26,"column":57}},"type":"default-arg","locations":[{"start":{"line":26,"column":53},"end":{"line":26,"column":57}}],"line":26},"3":{"loc":{"start":{"line":26,"column":59},"end":{"line":26,"column":72}},"type":"default-arg","locations":[{"start":{"line":26,"column":67},"end":{"line":26,"column":72}}],"line":26},"4":{"loc":{"start":{"line":28,"column":4},"end":{"line":30,"column":5}},"type":"if","locations":[{"start":{"line":28,"column":4},"end":{"line":30,"column":5}},{"start":{"line":28,"column":4},"end":{"line":30,"column":5}}],"line":28},"5":{"loc":{"start":{"line":31,"column":4},"end":{"line":33,"column":5}},"type":"if","locations":[{"start":{"line":31,"column":4},"end":{"line":33,"column":5}},{"start":{"line":31,"column":4},"end":{"line":33,"column":5}}],"line":31},"6":{"loc":{"start":{"line":34,"column":4},"end":{"line":37,"column":5}},"type":"if","locations":[{"start":{"line":34,"column":4},"end":{"line":37,"column":5}},{"start":{"line":34,"column":4},"end":{"line":37,"column":5}}],"line":34},"7":{"loc":{"start":{"line":38,"column":4},"end":{"line":45,"column":5}},"type":"if","locations":[{"start":{"line":38,"column":4},"end":{"line":45,"column":5}},{"start":{"line":38,"column":4},"end":{"line":45,"column":5}}],"line":38},"8":{"loc":{"start":{"line":39,"column":8},"end":{"line":44,"column":9}},"type":"if","locations":[{"start":{"line":39,"column":8},"end":{"line":44,"column":9}},{"start":{"line":39,"column":8},"end":{"line":44,"column":9}}],"line":39},"9":{"loc":{"start":{"line":60,"column":4},"end":{"line":63,"column":5}},"type":"if","locations":[{"start":{"line":60,"column":4},"end":{"line":63,"column":5}},{"start":{"line":60,"column":4},"end":{"line":63,"column":5}}],"line":60},"10":{"loc":{"start":{"line":85,"column":8},"end":{"line":89,"column":9}},"type":"if","locations":[{"start":{"line":85,"column":8},"end":{"line":89,"column":9}},{"start":{"line":85,"column":8},"end":{"line":89,"column":9}}],"line":85},"11":{"loc":{"start":{"line":87,"column":15},"end":{"line":89,"column":9}},"type":"if","locations":[{"start":{"line":87,"column":15},"end":{"line":89,"column":9}},{"start":{"line":87,"column":15},"end":{"line":89,"column":9}}],"line":87}},"s":{"0":1,"1":1,"2":1,"3":1,"4":1,"5":1,"6":1,"7":1,"8":1,"9":1,"10":1,"11":1,"12":1,"13":0,"14":0,"15":1,"16":0,"17":0,"18":1,"19":1,"20":1,"21":1,"22":1,"23":0,"24":1,"25":1,"26":1,"27":0,"28":1,"29":0,"30":0,"31":0,"32":0,"33":0,"34":0,"35":0,"36":1,"37":0,"38":0,"39":0,"40":1,"41":0,"42":0,"43":0,"44":1,"45":5,"46":5,"47":0,"48":0,"49":0,"50":1,"51":1},"f":{"0":1,"1":1,"2":0,"3":0,"4":0,"5":0,"6":0,"7":0,"8":0,"9":1,"10":5},"b":{"0":[1],"1":[1],"2":[1],"3":[1],"4":[0,1],"5":[0,1],"6":[1,0],"7":[1,0],"8":[0,1],"9":[0,0],"10":[5,0],"11":[0,0]},"_coverageSchema":"1a1c01bbd47fc00a2c39e90264f33305004495a9","hash":"7f67d36d16292c62dd5a1f67dd81d936fb5e19e5"}
,"C:\\mygit\\anikm1987\\RestApiDesign\\samples\\nodejs-rest-unit-test\\sum.js": {"path":"C:\\mygit\\anikm1987\\RestApiDesign\\samples\\nodejs-rest-unit-test\\sum.js","statementMap":{"0":{"start":{"line":2,"column":4},"end":{"line":2,"column":17}},"1":{"start":{"line":4,"column":2},"end":{"line":4,"column":23}}},"fnMap":{"0":{"name":"sum","decl":{"start":{"line":1,"column":9},"end":{"line":1,"column":12}},"loc":{"start":{"line":1,"column":19},"end":{"line":3,"column":3}},"line":1}},"branchMap":{},"s":{"0":1,"1":1},"f":{"0":1},"b":{},"_coverageSchema":"1a1c01bbd47fc00a2c39e90264f33305004495a9","hash":"87196f356a70b7a17290fc92d7a557d8ecdff745"}
}
