TN:
SF:index.js
FN:19,(anonymous_0)
FN:25,(anonymous_1)
FN:29,(anonymous_2)
FN:32,(anonymous_3)
FN:50,(anonymous_4)
FN:56,(anonymous_5)
FN:59,(anonymous_6)
FN:68,(anonymous_7)
FN:75,(anonymous_8)
FN:83,getSortedValue
FN:84,(anonymous_10)
FNF:11
FNH:4
FNDA:1,(anonymous_0)
FNDA:1,(anonymous_1)
FNDA:0,(anonymous_2)
FNDA:0,(anonymous_3)
FNDA:0,(anonymous_4)
FNDA:0,(anonymous_5)
FNDA:0,(anonymous_6)
FNDA:0,(anonymous_7)
FNDA:0,(anonymous_8)
FNDA:1,getSortedValue
FNDA:5,(anonymous_10)
DA:1,1
DA:2,1
DA:3,1
DA:4,1
DA:6,1
DA:7,1
DA:9,1
DA:19,1
DA:20,1
DA:25,1
DA:26,1
DA:27,1
DA:28,1
DA:29,0
DA:31,1
DA:32,0
DA:34,1
DA:35,1
DA:36,1
DA:38,1
DA:39,1
DA:40,0
DA:43,1
DA:47,1
DA:50,1
DA:53,0
DA:56,1
DA:57,0
DA:58,0
DA:59,0
DA:60,0
DA:61,0
DA:65,0
DA:68,1
DA:69,0
DA:70,0
DA:72,0
DA:75,1
DA:76,0
DA:77,0
DA:78,0
DA:84,1
DA:85,5
DA:86,5
DA:87,0
DA:88,0
DA:90,0
DA:97,1
DA:98,1
LF:49
LH:30
BRDA:26,0,0,1
BRDA:26,1,0,1
BRDA:26,2,0,1
BRDA:26,3,0,1
BRDA:28,4,0,0
BRDA:28,4,1,1
BRDA:31,5,0,0
BRDA:31,5,1,1
BRDA:34,6,0,1
BRDA:34,6,1,0
BRDA:38,7,0,1
BRDA:38,7,1,0
BRDA:39,8,0,0
BRDA:39,8,1,1
BRDA:60,9,0,0
BRDA:60,9,1,0
BRDA:85,10,0,5
BRDA:85,10,1,0
BRDA:87,11,0,0
BRDA:87,11,1,0
BRF:20
BRH:10
end_of_record
TN:
SF:sum.js
FN:1,sum
FNF:1
FNH:1
FNDA:1,sum
DA:2,1
DA:4,1
LF:2
LH:2
BRF:0
BRH:0
end_of_record
