TN:
SF:index.js
FN:11,(anonymous_0)
FNF:1
FNH:1
FNDA:1,(anonymous_0)
DA:1,1
DA:2,1
DA:3,1
DA:5,1
DA:6,1
DA:7,1
DA:8,1
DA:9,1
DA:11,1
DA:12,1
DA:14,1
LF:11
LH:11
BRDA:5,0,0,1
BRDA:5,0,1,1
BRF:2
BRH:2
end_of_record
TN:
SF:sum.js
FN:1,sum
FNF:1
FNH:1
FNDA:1,sum
DA:2,1
DA:4,1
LF:2
LH:2
BRF:0
BRH:0
end_of_record
TN:
SF:src\models\data.js
FN:2,(anonymous_0)
FNF:1
FNH:1
FNDA:3,(anonymous_0)
DA:1,2
DA:3,3
LF:2
LH:2
BRF:0
BRH:0
end_of_record
TN:
SF:src\routes\routes.js
FN:9,(anonymous_0)
FN:15,(anonymous_1)
FN:19,(anonymous_2)
FN:22,(anonymous_3)
FN:40,(anonymous_4)
FN:46,(anonymous_5)
FN:49,(anonymous_6)
FN:57,(anonymous_7)
FN:60,(anonymous_8)
FN:67,(anonymous_9)
FN:70,(anonymous_10)
FN:78,getSortedValue
FN:79,(anonymous_12)
FNF:13
FNH:10
FNDA:1,(anonymous_0)
FNDA:3,(anonymous_1)
FNDA:0,(anonymous_2)
FNDA:0,(anonymous_3)
FNDA:1,(anonymous_4)
FNDA:1,(anonymous_5)
FNDA:6,(anonymous_6)
FNDA:1,(anonymous_7)
FNDA:1,(anonymous_8)
FNDA:6,(anonymous_9)
FNDA:0,(anonymous_10)
FNDA:3,getSortedValue
FNDA:11,(anonymous_12)
DA:1,1
DA:2,1
DA:3,1
DA:4,1
DA:7,1
DA:9,1
DA:10,1
DA:15,1
DA:16,3
DA:17,3
DA:18,3
DA:19,0
DA:21,3
DA:22,0
DA:24,3
DA:25,3
DA:26,3
DA:28,3
DA:29,3
DA:30,0
DA:33,3
DA:37,3
DA:40,1
DA:43,1
DA:46,1
DA:47,1
DA:48,1
DA:49,6
DA:50,1
DA:51,1
DA:54,1
DA:57,1
DA:58,1
DA:59,1
DA:60,1
DA:64,1
DA:65,0
DA:67,6
DA:70,1
DA:71,0
DA:72,0
DA:73,0
DA:79,3
DA:80,11
DA:81,11
DA:82,0
DA:83,0
DA:85,0
DA:89,1
LF:49
LH:39
BRDA:16,0,0,1
BRDA:16,1,0,1
BRDA:16,2,0,3
BRDA:16,3,0,3
BRDA:18,4,0,0
BRDA:18,4,1,3
BRDA:21,5,0,0
BRDA:21,5,1,3
BRDA:24,6,0,3
BRDA:24,6,1,0
BRDA:28,7,0,3
BRDA:28,7,1,0
BRDA:29,8,0,0
BRDA:29,8,1,3
BRDA:50,9,0,1
BRDA:50,9,1,0
BRDA:64,10,0,0
BRDA:64,10,1,1
BRDA:80,11,0,11
BRDA:80,11,1,0
BRDA:82,12,0,0
BRDA:82,12,1,0
BRF:22
BRH:12
end_of_record
